TN:
SF:script/DeployRaffle.s.sol
FN:10,DeployRaffle.run
FNDA:0,DeployRaffle.run
DA:11,0
DA:12,0
DA:20,0
DA:23,0
BRDA:23,0,0,-
BRDA:23,0,1,-
DA:24,0
DA:25,0
DA:30,0
DA:31,0
DA:39,0
DA:40,0
DA:48,0
DA:51,0
DA:52,0
DA:58,0
FNF:1
FNH:0
LF:14
LH:0
BRF:2
BRH:0
end_of_record
TN:
SF:script/HelperConfig.s.sol
FN:28,HelperConfig.getSepoliaEthConfig
FNDA:0,HelperConfig.getSepoliaEthConfig
DA:29,0
DA:30,0
FN:41,HelperConfig.getOrCreateAnvilEthConfig
FNDA:0,HelperConfig.getOrCreateAnvilEthConfig
DA:42,0
BRDA:42,0,0,-
BRDA:42,0,1,-
DA:43,0
DA:46,0
DA:47,0
DA:49,0
DA:50,0
DA:54,0
DA:56,0
DA:58,0
DA:59,0
FNF:2
FNH:0
LF:12
LH:0
BRF:2
BRH:0
end_of_record
TN:
SF:script/Interactions.s.sol
FN:86,AddConsumer.run
FNDA:0,AddConsumer.run
DA:87,0
DA:91,0
FN:94,AddConsumer.addConsumerUsingConfig
FNDA:0,AddConsumer.addConsumerUsingConfig
DA:95,0
DA:96,0
DA:98,0
FN:101,AddConsumer.addConsumer
FNDA:0,AddConsumer.addConsumer
DA:106,0
DA:107,0
DA:108,0
DA:109,0
DA:110,0
DA:111,0
FN:11,CreateSubscription.run
FNDA:0,CreateSubscription.run
DA:12,0
FN:15,CreateSubscription.createSubscriptionUsingConfig
FNDA:0,CreateSubscription.createSubscriptionUsingConfig
DA:16,0
DA:17,0
DA:19,0
FN:22,CreateSubscription.createSubscription
FNDA:0,CreateSubscription.createSubscription
DA:25,0
DA:26,0
DA:27,0
DA:29,0
DA:30,0
DA:31,0
DA:32,0
FN:39,FundSubscription.run
FNDA:0,FundSubscription.run
DA:40,0
FN:43,FundSubscription.fundSubscriptionUsingConfig
FNDA:0,FundSubscription.fundSubscriptionUsingConfig
DA:44,0
DA:45,0
DA:53,0
DA:54,0
FN:57,FundSubscription.fundSubscription
FNDA:0,FundSubscription.fundSubscription
DA:62,0
DA:63,0
DA:64,0
DA:65,0
BRDA:65,0,0,-
BRDA:65,0,1,-
DA:66,0
DA:67,0
DA:71,0
DA:73,0
DA:74,0
DA:79,0
DA:80,0
FNF:9
FNH:0
LF:38
LH:0
BRF:2
BRH:0
end_of_record
TN:
SF:src/Raffle.sol
FN:72,Raffle.enterRaffle
FNDA:6,Raffle.enterRaffle
DA:74,6
BRDA:74,0,0,1
BRDA:74,0,1,5
DA:75,1
DA:77,5
BRDA:77,1,0,1
BRDA:77,1,1,4
DA:78,1
DA:80,4
DA:84,4
FN:97,Raffle.checkUpkeep
FNDA:2,Raffle.checkUpkeep
DA:100,4
DA:101,4
DA:102,4
DA:103,4
DA:104,4
DA:105,4
FN:109,Raffle.performUpkeep
FNDA:2,Raffle.performUpkeep
DA:110,2
DA:111,2
BRDA:111,2,0,-
BRDA:111,2,1,-
DA:112,0
DA:119,2
DA:123,2
FN:133,Raffle.fulfillRandomWords
FNDA:0,Raffle.fulfillRandomWords
DA:145,0
DA:146,0
DA:147,0
DA:148,0
DA:149,0
DA:150,0
DA:152,0
DA:155,0
DA:156,0
BRDA:156,3,0,-
BRDA:156,3,1,-
DA:157,0
FN:162,Raffle.getEnteranceFee
FNDA:0,Raffle.getEnteranceFee
DA:163,0
FN:166,Raffle.getRaffleState
FNDA:1,Raffle.getRaffleState
DA:167,1
FN:170,Raffle.getPlayer
FNDA:1,Raffle.getPlayer
DA:171,1
FNF:7
FNH:5
LF:30
LH:18
BRF:8
BRH:4
end_of_record
TN:
SF:test/mocks/LinkToken.sol
FN:37,LinkToken.transferAndCall
FNDA:0,LinkToken.transferAndCall
DA:42,0
DA:44,0
DA:45,0
BRDA:45,0,0,-
BRDA:45,0,1,-
DA:46,0
DA:48,0
FN:53,LinkToken.contractFallback
FNDA:0,LinkToken.contractFallback
DA:58,0
DA:59,0
FN:62,LinkToken.isContract
FNDA:0,LinkToken.isContract
DA:63,0
DA:65,0
DA:67,0
FNF:3
FNH:0
LF:10
LH:0
BRF:2
BRH:0
end_of_record
